[debug] [2022-05-07T21:42:22.675Z] ----------------------------------------------------------------------
[debug] [2022-05-07T21:42:22.677Z] Command:       C:\Program Files\nodejs\node.exe C:\Users\Tausif\AppData\Roaming\npm\node_modules\firebase-tools\lib\bin\firebase.js init
[debug] [2022-05-07T21:42:22.678Z] CLI Version:   10.8.0
[debug] [2022-05-07T21:42:22.678Z] Platform:      win32
[debug] [2022-05-07T21:42:22.678Z] Node Version:  v16.13.1
[debug] [2022-05-07T21:42:22.679Z] Time:          Sun May 08 2022 03:42:22 GMT+0600 (Bangladesh Standard Time)
[debug] [2022-05-07T21:42:22.680Z] ----------------------------------------------------------------------
[debug] 
[debug] [2022-05-07T21:42:22.684Z] >>> [apiv2][query] GET https://firebase-public.firebaseio.com/cli.json [none]
[debug] [2022-05-07T21:42:22.712Z] > command requires scopes: ["email","openid","https://www.googleapis.com/auth/cloudplatformprojects.readonly","https://www.googleapis.com/auth/firebase","https://www.googleapis.com/auth/cloud-platform"]
[debug] [2022-05-07T21:42:22.712Z] > authorizing via signed-in user (kfatema991@gmail.com)
[info] 
     ######## #### ########  ######## ########     ###     ######  ########
     ##        ##  ##     ## ##       ##     ##  ##   ##  ##       ##
     ######    ##  ########  ######   ########  #########  ######  ######
     ##        ##  ##    ##  ##       ##     ## ##     ##       ## ##
     ##       #### ##     ## ######## ########  ##     ##  ######  ########

You're about to initialize a Firebase project in this directory:

  C:\projects\react-fruit-warehouse

Before we get started, keep in mind:

  * You are currently outside your home directory

[debug] [2022-05-07T21:42:24.141Z] <<< [apiv2][status] GET https://firebase-public.firebaseio.com/cli.json 200
[debug] [2022-05-07T21:42:24.141Z] <<< [apiv2][body] GET https://firebase-public.firebaseio.com/cli.json {"cloudBuildErrorAfter":1594252800000,"cloudBuildWarnAfter":1590019200000,"defaultNode10After":1594252800000,"minVersion":"3.0.5","node8DeploysDisabledAfter":1613390400000,"node8RuntimeDisabledAfter":1615809600000,"node8WarnAfter":1600128000000}
